0 verbose cli /usr/bin/node-20 /usr/bin/npm
1 info using npm@10.5.0
2 info using node@v20.12.2
3 timing npm:load:whichnode Completed in 23ms
4 timing config:load:defaults Completed in 3ms
5 timing config:load:file:/usr/lib/node_modules_20/npm/npmrc Completed in 3ms
6 timing config:load:builtin Completed in 5ms
7 timing config:load:cli Completed in 3ms
8 timing config:load:env Completed in 1ms
9 timing config:load:project Completed in 2ms
10 timing config:load:file:/home/cloudshell-user/.npmrc Completed in 0ms
11 timing config:load:user Completed in 0ms
12 timing config:load:file:/etc/npmrc Completed in 0ms
13 timing config:load:global Completed in 0ms
14 timing config:load:setEnvs Completed in 1ms
15 timing config:load Completed in 17ms
16 timing npm:load:configload Completed in 17ms
17 timing config:load:flatten Completed in 4ms
18 timing npm:load:mkdirpcache Completed in 0ms
19 timing npm:load:mkdirplogs Completed in 0ms
20 verbose title npm create vite@latest profilesapp --template react
21 verbose argv "create" "vite@latest" "profilesapp" "--" "--template" "react"
22 timing npm:load:setTitle Completed in 1ms
23 timing npm:load:display Completed in 1ms
24 verbose logfile logs-max:10 dir:/home/cloudshell-user/.npm/_logs/2024-11-13T07_37_40_975Z-
25 verbose logfile /home/cloudshell-user/.npm/_logs/2024-11-13T07_37_40_975Z-debug-0.log
26 timing npm:load:logFile Completed in 65ms
27 timing npm:load:timers Completed in 1ms
28 timing npm:load:configScope Completed in 0ms
29 timing npm:load Completed in 147ms
30 silly logfile done cleaning log files
31 timing arborist:ctor Completed in 1ms
32 http fetch GET 200 https://registry.npmjs.org/npm 182ms
33 http fetch GET 200 https://registry.npmjs.org/create-vite 220ms (cache miss)
34 timing arborist:ctor Completed in 0ms
35 timing command:create Completed in 364ms
36 notice
36 notice New [33mminor[39m version of npm available! [31m10.5.0[39m -> [32m10.9.0[39m
36 notice Changelog: [36mhttps://github.com/npm/cli/releases/tag/v10.9.0[39m
36 notice Run [32mnpm install -g npm@10.9.0[39m to update!
36 notice
37 verbose stack Error: canceled
37 verbose stack     at exec (/usr/lib/node_modules_20/npm/node_modules/libnpmexec/lib/index.js:270:19)
37 verbose stack     at process.processTicksAndRejections (node:internal/process/task_queues:95:5)
37 verbose stack     at async Init.execCreate (/usr/lib/node_modules_20/npm/lib/commands/init.js:138:5)
37 verbose stack     at async Init.exec (/usr/lib/node_modules_20/npm/lib/commands/init.js:45:14)
37 verbose stack     at async module.exports (/usr/lib/node_modules_20/npm/lib/cli-entry.js:61:5)
38 verbose cwd /home/cloudshell-user
39 verbose Linux 6.1.112-124.190.amzn2023.x86_64
40 verbose node v20.12.2
41 verbose npm  v10.5.0
42 error canceled
43 verbose exit 1
44 timing npm Completed in 1248ms
45 verbose code 1
46 error A complete log of this run can be found in: /home/cloudshell-user/.npm/_logs/2024-11-13T07_37_40_975Z-debug-0.log
