0 verbose cli /usr/bin/node-20 /usr/bin/npm
1 info using npm@10.5.0
2 info using node@v20.12.2
3 timing npm:load:whichnode Completed in 8ms
4 timing config:load:defaults Completed in 4ms
5 timing config:load:file:/usr/lib/node_modules_20/npm/npmrc Completed in 27ms
6 timing config:load:builtin Completed in 27ms
7 timing config:load:cli Completed in 4ms
8 timing config:load:env Completed in 0ms
9 timing config:load:project Completed in 1ms
10 timing config:load:file:/home/cloudshell-user/.npmrc Completed in 0ms
11 timing config:load:user Completed in 0ms
12 timing config:load:file:/etc/npmrc Completed in 0ms
13 timing config:load:global Completed in 1ms
14 timing config:load:setEnvs Completed in 1ms
15 timing config:load Completed in 42ms
16 timing npm:load:configload Completed in 43ms
17 timing config:load:flatten Completed in 8ms
18 timing npm:load:mkdirpcache Completed in 0ms
19 timing npm:load:mkdirplogs Completed in 1ms
20 verbose title npm create vite@latest profilesapp --template react
21 verbose argv "create" "vite@latest" "profilesapp" "--" "--template" "react"
22 timing npm:load:setTitle Completed in 1ms
23 timing npm:load:display Completed in 1ms
24 verbose logfile logs-max:10 dir:/home/cloudshell-user/.npm/_logs/2024-11-13T07_40_04_540Z-
25 verbose logfile /home/cloudshell-user/.npm/_logs/2024-11-13T07_40_04_540Z-debug-0.log
26 timing npm:load:logFile Completed in 18ms
27 timing npm:load:timers Completed in 1ms
28 timing npm:load:configScope Completed in 0ms
29 timing npm:load Completed in 156ms
30 timing arborist:ctor Completed in 1ms
31 silly logfile done cleaning log files
32 http fetch GET 200 https://registry.npmjs.org/create-vite 202ms (cache revalidated)
33 timing arborist:ctor Completed in 1ms
34 timing arborist:ctor Completed in 1ms
35 timing idealTree:init Completed in 20ms
36 timing idealTree:userRequests Completed in 3ms
37 silly idealTree buildDeps
38 silly fetch manifest create-vite@5.5.5
39 http fetch GET 200 https://registry.npmjs.org/create-vite 130ms (cache miss)
40 silly placeDep ROOT create-vite@5.5.5 OK for:  want: 5.5.5
41 timing idealTree:#root Completed in 166ms
42 timing idealTree:node_modules/create-vite Completed in 1ms
43 timing idealTree:buildDeps Completed in 169ms
44 timing idealTree:fixDepFlags Completed in 1ms
45 timing idealTree Completed in 196ms
46 timing reify:loadTrees Completed in 197ms
47 timing reify:diffTrees Completed in 2ms
48 silly reify moves {}
49 timing reify:retireShallow Completed in 2ms
50 timing reify:createSparse Completed in 4ms
51 timing reify:loadBundles Completed in 0ms
52 silly audit bulk request { 'create-vite': [ '5.5.5' ] }
53 silly tarball no local data for create-vite@https://registry.npmjs.org/create-vite/-/create-vite-5.5.5.tgz. Extracting by manifest.
54 http fetch POST 200 https://registry.npmjs.org/-/npm/v1/security/advisories/bulk 185ms
55 timing auditReport:getReport Completed in 189ms
56 silly audit report {}
57 timing auditReport:init Completed in 0ms
58 timing reify:audit Completed in 191ms
59 http fetch GET 200 https://registry.npmjs.org/create-vite/-/create-vite-5.5.5.tgz 499ms (cache miss)
60 timing reifyNode:node_modules/create-vite Completed in 512ms
61 timing reify:unpack Completed in 513ms
62 timing reify:unretire Completed in 1ms
63 timing build:queue Completed in 1ms
64 timing build:link:node_modules/create-vite Completed in 5ms
65 timing build:link Completed in 5ms
66 timing build:deps Completed in 6ms
67 timing build Completed in 7ms
68 timing reify:build Completed in 7ms
69 timing reify:trash Completed in 0ms
70 timing reify:save Completed in 66ms
71 timing reify Completed in 814ms
72 timing command:create Completed in 5996ms
73 verbose exit 0
74 timing npm Completed in 6519ms
75 info ok
